[2020-12-13 21:10:16] Watson.INFO: Matched route "home". {"route_parameters":{"_controller":"Watson\\Controller\\HomeController::indexAction","_route":"home"},"request_uri":"http://localhost:1919/UE3DW18-Groupe1-Solo/web/"} []
[2020-12-13 21:10:16] Watson.INFO: Populated the TokenStorage with an anonymous Token. [] []
[2020-12-13 21:10:16] Watson.INFO: > GET /UE3DW18-Groupe1-Solo/web/ [] []
[2020-12-13 21:10:17] Watson.CRITICAL: Doctrine\DBAL\Exception\ConnectionException: An exception occured in driver: SQLSTATE[HY000] [1045] Access denied for user 'watson'@'localhost' (using password: YES) (uncaught exception) at /app/UE3DW18-Groupe1-Solo/vendor/doctrine/dbal/lib/Doctrine/DBAL/Driver/AbstractMySQLDriver.php line 103 {"exception":"[object] (Doctrine\\DBAL\\Exception\\ConnectionException(code: 0): An exception occured in driver: SQLSTATE[HY000] [1045] Access denied for user 'watson'@'localhost' (using password: YES) at /app/UE3DW18-Groupe1-Solo/vendor/doctrine/dbal/lib/Doctrine/DBAL/Driver/AbstractMySQLDriver.php:103, Doctrine\\DBAL\\Driver\\PDOException(code: 1045): SQLSTATE[HY000] [1045] Access denied for user 'watson'@'localhost' (using password: YES) at /app/UE3DW18-Groupe1-Solo/vendor/doctrine/dbal/lib/Doctrine/DBAL/Driver/PDOConnection.php:47, PDOException(code: 1045): SQLSTATE[HY000] [1045] Access denied for user 'watson'@'localhost' (using password: YES) at /app/UE3DW18-Groupe1-Solo/vendor/doctrine/dbal/lib/Doctrine/DBAL/Driver/PDOConnection.php:43)"} []
[2020-12-13 21:10:18] Watson.INFO: < 500 [] []
[2020-12-13 21:12:18] Watson.INFO: Matched route "home". {"route_parameters":{"_controller":"Watson\\Controller\\HomeController::indexAction","_route":"home"},"request_uri":"http://localhost:1919/UE3DW18-Groupe1-Solo/web/"} []
[2020-12-13 21:12:18] Watson.INFO: Populated the TokenStorage with an anonymous Token. [] []
[2020-12-13 21:12:18] Watson.INFO: > GET /UE3DW18-Groupe1-Solo/web/ [] []
[2020-12-13 21:12:18] Watson.CRITICAL: Doctrine\DBAL\Exception\ConnectionException: An exception occured in driver: SQLSTATE[HY000] [1045] Access denied for user 'watson'@'localhost' (using password: YES) (uncaught exception) at /app/UE3DW18-Groupe1-Solo/vendor/doctrine/dbal/lib/Doctrine/DBAL/Driver/AbstractMySQLDriver.php line 103 {"exception":"[object] (Doctrine\\DBAL\\Exception\\ConnectionException(code: 0): An exception occured in driver: SQLSTATE[HY000] [1045] Access denied for user 'watson'@'localhost' (using password: YES) at /app/UE3DW18-Groupe1-Solo/vendor/doctrine/dbal/lib/Doctrine/DBAL/Driver/AbstractMySQLDriver.php:103, Doctrine\\DBAL\\Driver\\PDOException(code: 1045): SQLSTATE[HY000] [1045] Access denied for user 'watson'@'localhost' (using password: YES) at /app/UE3DW18-Groupe1-Solo/vendor/doctrine/dbal/lib/Doctrine/DBAL/Driver/PDOConnection.php:47, PDOException(code: 1045): SQLSTATE[HY000] [1045] Access denied for user 'watson'@'localhost' (using password: YES) at /app/UE3DW18-Groupe1-Solo/vendor/doctrine/dbal/lib/Doctrine/DBAL/Driver/PDOConnection.php:43)"} []
[2020-12-13 21:12:19] Watson.INFO: < 500 [] []
[2020-12-13 21:12:32] Watson.INFO: Matched route "home". {"route_parameters":{"_controller":"Watson\\Controller\\HomeController::indexAction","_route":"home"},"request_uri":"http://localhost:1919/UE3DW18-Groupe1-Solo/web/"} []
[2020-12-13 21:12:32] Watson.INFO: Populated the TokenStorage with an anonymous Token. [] []
[2020-12-13 21:12:32] Watson.INFO: > GET /UE3DW18-Groupe1-Solo/web/ [] []
[2020-12-13 21:12:32] Watson.CRITICAL: Doctrine\DBAL\Exception\ConnectionException: An exception occured in driver: SQLSTATE[HY000] [1045] Access denied for user 'watson'@'localhost' (using password: YES) (uncaught exception) at /app/UE3DW18-Groupe1-Solo/vendor/doctrine/dbal/lib/Doctrine/DBAL/Driver/AbstractMySQLDriver.php line 103 {"exception":"[object] (Doctrine\\DBAL\\Exception\\ConnectionException(code: 0): An exception occured in driver: SQLSTATE[HY000] [1045] Access denied for user 'watson'@'localhost' (using password: YES) at /app/UE3DW18-Groupe1-Solo/vendor/doctrine/dbal/lib/Doctrine/DBAL/Driver/AbstractMySQLDriver.php:103, Doctrine\\DBAL\\Driver\\PDOException(code: 1045): SQLSTATE[HY000] [1045] Access denied for user 'watson'@'localhost' (using password: YES) at /app/UE3DW18-Groupe1-Solo/vendor/doctrine/dbal/lib/Doctrine/DBAL/Driver/PDOConnection.php:47, PDOException(code: 1045): SQLSTATE[HY000] [1045] Access denied for user 'watson'@'localhost' (using password: YES) at /app/UE3DW18-Groupe1-Solo/vendor/doctrine/dbal/lib/Doctrine/DBAL/Driver/PDOConnection.php:43)"} []
[2020-12-13 21:12:33] Watson.INFO: < 500 [] []
[2020-12-13 21:13:14] Watson.INFO: Matched route "home". {"route_parameters":{"_controller":"Watson\\Controller\\HomeController::indexAction","_route":"home"},"request_uri":"http://localhost:1919/UE3DW18-Groupe1-Solo/web/"} []
[2020-12-13 21:13:15] Watson.INFO: Populated the TokenStorage with an anonymous Token. [] []
[2020-12-13 21:13:15] Watson.INFO: > GET /UE3DW18-Groupe1-Solo/web/ [] []
[2020-12-13 21:13:15] Watson.CRITICAL: Doctrine\DBAL\Exception\ConnectionException: An exception occured in driver: SQLSTATE[HY000] [1045] Access denied for user 'watson'@'localhost' (using password: YES) (uncaught exception) at /app/UE3DW18-Groupe1-Solo/vendor/doctrine/dbal/lib/Doctrine/DBAL/Driver/AbstractMySQLDriver.php line 103 {"exception":"[object] (Doctrine\\DBAL\\Exception\\ConnectionException(code: 0): An exception occured in driver: SQLSTATE[HY000] [1045] Access denied for user 'watson'@'localhost' (using password: YES) at /app/UE3DW18-Groupe1-Solo/vendor/doctrine/dbal/lib/Doctrine/DBAL/Driver/AbstractMySQLDriver.php:103, Doctrine\\DBAL\\Driver\\PDOException(code: 1045): SQLSTATE[HY000] [1045] Access denied for user 'watson'@'localhost' (using password: YES) at /app/UE3DW18-Groupe1-Solo/vendor/doctrine/dbal/lib/Doctrine/DBAL/Driver/PDOConnection.php:47, PDOException(code: 1045): SQLSTATE[HY000] [1045] Access denied for user 'watson'@'localhost' (using password: YES) at /app/UE3DW18-Groupe1-Solo/vendor/doctrine/dbal/lib/Doctrine/DBAL/Driver/PDOConnection.php:43)"} []
[2020-12-13 21:13:16] Watson.INFO: < 500 [] []
[2020-12-13 21:15:08] Watson.INFO: Matched route "home". {"route_parameters":{"_controller":"Watson\\Controller\\HomeController::indexAction","_route":"home"},"request_uri":"http://localhost:1919/UE3DW18-Groupe1-Solo/web/"} []
[2020-12-13 21:15:08] Watson.INFO: Populated the TokenStorage with an anonymous Token. [] []
[2020-12-13 21:15:08] Watson.INFO: > GET /UE3DW18-Groupe1-Solo/web/ [] []
[2020-12-13 21:15:08] Watson.CRITICAL: Doctrine\DBAL\Exception\ConnectionException: An exception occured in driver: SQLSTATE[HY000] [1045] Access denied for user 'watson'@'localhost' (using password: YES) (uncaught exception) at /app/UE3DW18-Groupe1-Solo/vendor/doctrine/dbal/lib/Doctrine/DBAL/Driver/AbstractMySQLDriver.php line 103 {"exception":"[object] (Doctrine\\DBAL\\Exception\\ConnectionException(code: 0): An exception occured in driver: SQLSTATE[HY000] [1045] Access denied for user 'watson'@'localhost' (using password: YES) at /app/UE3DW18-Groupe1-Solo/vendor/doctrine/dbal/lib/Doctrine/DBAL/Driver/AbstractMySQLDriver.php:103, Doctrine\\DBAL\\Driver\\PDOException(code: 1045): SQLSTATE[HY000] [1045] Access denied for user 'watson'@'localhost' (using password: YES) at /app/UE3DW18-Groupe1-Solo/vendor/doctrine/dbal/lib/Doctrine/DBAL/Driver/PDOConnection.php:47, PDOException(code: 1045): SQLSTATE[HY000] [1045] Access denied for user 'watson'@'localhost' (using password: YES) at /app/UE3DW18-Groupe1-Solo/vendor/doctrine/dbal/lib/Doctrine/DBAL/Driver/PDOConnection.php:43)"} []
[2020-12-13 21:15:09] Watson.INFO: < 500 [] []
[2020-12-13 21:15:11] Watson.INFO: Matched route "login". {"route_parameters":{"_controller":"Watson\\Controller\\HomeController::loginAction","_route":"login"},"request_uri":"http://localhost:1919/UE3DW18-Groupe1-Solo/web/login"} []
[2020-12-13 21:15:11] Watson.INFO: Populated the TokenStorage with an anonymous Token. [] []
[2020-12-13 21:15:11] Watson.INFO: > GET /UE3DW18-Groupe1-Solo/web/login [] []
[2020-12-13 21:15:12] Watson.INFO: < 200 [] []
[2020-12-13 21:15:24] Watson.INFO: Matched route "login_check". {"route_parameters":{"_controller":null,"_route":"login_check"},"request_uri":"http://localhost:1919/UE3DW18-Groupe1-Solo/web/login_check"} []
[2020-12-13 21:15:24] Watson.INFO: Authentication request failed. {"exception":"[object] (Symfony\\Component\\Security\\Core\\Exception\\AuthenticationServiceException(code: 0): An exception occured in driver: SQLSTATE[HY000] [1045] Access denied for user 'watson'@'localhost' (using password: YES) at /app/UE3DW18-Groupe1-Solo/vendor/symfony/security/Core/Authentication/Provider/DaoAuthenticationProvider.php:92, Doctrine\\DBAL\\Exception\\ConnectionException(code: 0): An exception occured in driver: SQLSTATE[HY000] [1045] Access denied for user 'watson'@'localhost' (using password: YES) at /app/UE3DW18-Groupe1-Solo/vendor/doctrine/dbal/lib/Doctrine/DBAL/Driver/AbstractMySQLDriver.php:103, Doctrine\\DBAL\\Driver\\PDOException(code: 1045): SQLSTATE[HY000] [1045] Access denied for user 'watson'@'localhost' (using password: YES) at /app/UE3DW18-Groupe1-Solo/vendor/doctrine/dbal/lib/Doctrine/DBAL/Driver/PDOConnection.php:47, PDOException(code: 1045): SQLSTATE[HY000] [1045] Access denied for user 'watson'@'localhost' (using password: YES) at /app/UE3DW18-Groupe1-Solo/vendor/doctrine/dbal/lib/Doctrine/DBAL/Driver/PDOConnection.php:43)"} []
[2020-12-13 21:15:24] Watson.INFO: < 302 http://localhost:1919/UE3DW18-Groupe1-Solo/web/login [] []
[2020-12-13 21:15:26] Watson.INFO: Matched route "login". {"route_parameters":{"_controller":"Watson\\Controller\\HomeController::loginAction","_route":"login"},"request_uri":"http://localhost:1919/UE3DW18-Groupe1-Solo/web/login"} []
[2020-12-13 21:15:26] Watson.INFO: Populated the TokenStorage with an anonymous Token. [] []
[2020-12-13 21:15:26] Watson.INFO: > GET /UE3DW18-Groupe1-Solo/web/login [] []
[2020-12-13 21:15:27] Watson.INFO: < 200 [] []
[2020-12-13 21:17:06] Watson.INFO: Matched route "login". {"route_parameters":{"_controller":"Watson\\Controller\\HomeController::loginAction","_route":"login"},"request_uri":"http://localhost:1919/UE3DW18-Groupe1-Solo/web/login"} []
[2020-12-13 21:17:06] Watson.INFO: Populated the TokenStorage with an anonymous Token. [] []
[2020-12-13 21:17:06] Watson.INFO: > GET /UE3DW18-Groupe1-Solo/web/login [] []
[2020-12-13 21:17:07] Watson.INFO: < 200 [] []
[2020-12-13 21:17:18] Watson.INFO: Matched route "login_check". {"route_parameters":{"_controller":null,"_route":"login_check"},"request_uri":"http://localhost:1919/UE3DW18-Groupe1-Solo/web/login_check"} []
[2020-12-13 21:17:18] Watson.INFO: Authentication request failed. {"exception":"[object] (Symfony\\Component\\Security\\Core\\Exception\\AuthenticationServiceException(code: 0): An exception occured in driver: SQLSTATE[HY000] [1045] Access denied for user 'watson'@'localhost' (using password: YES) at /app/UE3DW18-Groupe1-Solo/vendor/symfony/security/Core/Authentication/Provider/DaoAuthenticationProvider.php:92, Doctrine\\DBAL\\Exception\\ConnectionException(code: 0): An exception occured in driver: SQLSTATE[HY000] [1045] Access denied for user 'watson'@'localhost' (using password: YES) at /app/UE3DW18-Groupe1-Solo/vendor/doctrine/dbal/lib/Doctrine/DBAL/Driver/AbstractMySQLDriver.php:103, Doctrine\\DBAL\\Driver\\PDOException(code: 1045): SQLSTATE[HY000] [1045] Access denied for user 'watson'@'localhost' (using password: YES) at /app/UE3DW18-Groupe1-Solo/vendor/doctrine/dbal/lib/Doctrine/DBAL/Driver/PDOConnection.php:47, PDOException(code: 1045): SQLSTATE[HY000] [1045] Access denied for user 'watson'@'localhost' (using password: YES) at /app/UE3DW18-Groupe1-Solo/vendor/doctrine/dbal/lib/Doctrine/DBAL/Driver/PDOConnection.php:43)"} []
[2020-12-13 21:17:18] Watson.INFO: < 302 http://localhost:1919/UE3DW18-Groupe1-Solo/web/login [] []
[2020-12-13 21:17:19] Watson.INFO: Matched route "login". {"route_parameters":{"_controller":"Watson\\Controller\\HomeController::loginAction","_route":"login"},"request_uri":"http://localhost:1919/UE3DW18-Groupe1-Solo/web/login"} []
[2020-12-13 21:17:19] Watson.INFO: Populated the TokenStorage with an anonymous Token. [] []
[2020-12-13 21:17:19] Watson.INFO: > GET /UE3DW18-Groupe1-Solo/web/login [] []
[2020-12-13 21:17:20] Watson.INFO: < 200 [] []
[2020-12-13 21:18:57] Watson.INFO: Matched route "login". {"route_parameters":{"_controller":"Watson\\Controller\\HomeController::loginAction","_route":"login"},"request_uri":"http://localhost:1919/UE3DW18-Groupe1-Solo/web/login"} []
[2020-12-13 21:18:57] Watson.INFO: Populated the TokenStorage with an anonymous Token. [] []
[2020-12-13 21:18:57] Watson.INFO: > GET /UE3DW18-Groupe1-Solo/web/login [] []
[2020-12-13 21:18:59] Watson.INFO: < 200 [] []
[2020-12-13 21:19:03] Watson.INFO: Matched route "login_check". {"route_parameters":{"_controller":null,"_route":"login_check"},"request_uri":"http://localhost:1919/UE3DW18-Groupe1-Solo/web/login_check"} []
[2020-12-13 21:19:04] Watson.INFO: User has been authenticated successfully. {"username":"admin"} []
[2020-12-13 21:19:04] Watson.INFO: < 302 http://localhost:1919/UE3DW18-Groupe1-Solo/web/ [] []
[2020-12-13 21:19:04] Watson.INFO: Matched route "home". {"route_parameters":{"_controller":"Watson\\Controller\\HomeController::indexAction","_route":"home"},"request_uri":"http://localhost:1919/UE3DW18-Groupe1-Solo/web/"} []
[2020-12-13 21:19:04] Watson.INFO: > GET /UE3DW18-Groupe1-Solo/web/ [] []
[2020-12-13 21:19:05] Watson.INFO: < 200 [] []
[2020-12-13 21:19:12] Watson.INFO: Matched route "admin". {"route_parameters":{"_controller":"Watson\\Controller\\AdminController::indexAction","_route":"admin"},"request_uri":"http://localhost:1919/UE3DW18-Groupe1-Solo/web/admin"} []
[2020-12-13 21:19:13] Watson.INFO: > GET /UE3DW18-Groupe1-Solo/web/admin [] []
[2020-12-13 21:19:14] Watson.INFO: < 200 [] []
[2020-12-13 21:21:09] Watson.INFO: Matched route "admin". {"route_parameters":{"_controller":"Watson\\Controller\\AdminController::indexAction","_route":"admin"},"request_uri":"http://localhost:1919/UE3DW18-Groupe1-Solo/web/admin"} []
[2020-12-13 21:21:09] Watson.INFO: > GET /UE3DW18-Groupe1-Solo/web/admin [] []
[2020-12-13 21:21:11] Watson.INFO: < 200 [] []
[2020-12-13 21:29:36] Watson.INFO: Matched route "home". {"route_parameters":{"_controller":"Watson\\Controller\\HomeController::indexAction","_route":"home"},"request_uri":"http://localhost:1919/UE3DW18-Groupe1-S4/web/"} []
[2020-12-13 21:29:36] Watson.INFO: > GET /UE3DW18-Groupe1-S4/web/ [] []
[2020-12-13 21:29:39] Watson.INFO: < 200 [] []
[2020-12-13 21:29:44] Watson.INFO: Matched route "admin". {"route_parameters":{"_controller":"Watson\\Controller\\AdminController::indexAction","_route":"admin"},"request_uri":"http://localhost:1919/UE3DW18-Groupe1-S4/web/admin"} []
[2020-12-13 21:29:44] Watson.INFO: > GET /UE3DW18-Groupe1-S4/web/admin [] []
[2020-12-13 21:29:46] Watson.INFO: < 200 [] []
[2020-12-13 21:41:52] Watson.INFO: Matched route "admin". {"route_parameters":{"_controller":"Watson\\Controller\\AdminController::indexAction","_route":"admin"},"request_uri":"http://localhost:1919/UE3DW18-Groupe1-S4/web/admin"} []
[2020-12-13 21:41:53] Watson.INFO: > GET /UE3DW18-Groupe1-S4/web/admin [] []
[2020-12-13 21:41:54] Watson.INFO: < 200 [] []
[2020-12-13 21:42:06] Watson.INFO: Matched route "admin_link_add". {"route_parameters":{"_controller":"Watson\\Controller\\AdminController::addLinkAction","_route":"admin_link_add"},"request_uri":"http://localhost:1919/UE3DW18-Groupe1-S4/web/admin/link/add"} []
[2020-12-13 21:42:06] Watson.INFO: > GET /UE3DW18-Groupe1-S4/web/admin/link/add [] []
[2020-12-13 21:42:11] Watson.INFO: < 200 [] []
[2020-12-13 21:43:30] Watson.INFO: Matched route "admin_link_add". {"route_parameters":{"_controller":"Watson\\Controller\\AdminController::addLinkAction","_route":"admin_link_add"},"request_uri":"http://localhost:1919/UE3DW18-Groupe1-S4/web/admin/link/add"} []
[2020-12-13 21:43:30] Watson.INFO: > POST /UE3DW18-Groupe1-S4/web/admin/link/add [] []
[2020-12-13 21:43:32] Watson.CRITICAL: Doctrine\DBAL\Exception\NotNullConstraintViolationException: An exception occurred while executing 'INSERT INTO tl_liens (lien_titre, lien_url, lien_desc, user_id) VALUES (?, ?, ?, ?)' with params ["Wikip\u00e9dia - Angular", "https:\/\/fr.wikipedia.org\/wiki\/Angular", null, "1"]:  SQLSTATE[23000]: Integrity constraint violation: 1048 Column 'lien_desc' cannot be null (uncaught exception) at /app/UE3DW18-Groupe1-S4/vendor/doctrine/dbal/lib/Doctrine/DBAL/Driver/AbstractMySQLDriver.php line 112 {"exception":"[object] (Doctrine\\DBAL\\Exception\\NotNullConstraintViolationException(code: 0): An exception occurred while executing 'INSERT INTO tl_liens (lien_titre, lien_url, lien_desc, user_id) VALUES (?, ?, ?, ?)' with params [\"Wikip\\u00e9dia - Angular\", \"https:\\/\\/fr.wikipedia.org\\/wiki\\/Angular\", null, \"1\"]:\n\nSQLSTATE[23000]: Integrity constraint violation: 1048 Column 'lien_desc' cannot be null at /app/UE3DW18-Groupe1-S4/vendor/doctrine/dbal/lib/Doctrine/DBAL/Driver/AbstractMySQLDriver.php:112, Doctrine\\DBAL\\Driver\\PDOException(code: 23000): SQLSTATE[23000]: Integrity constraint violation: 1048 Column 'lien_desc' cannot be null at /app/UE3DW18-Groupe1-S4/vendor/doctrine/dbal/lib/Doctrine/DBAL/Driver/PDOStatement.php:107, PDOException(code: 23000): SQLSTATE[23000]: Integrity constraint violation: 1048 Column 'lien_desc' cannot be null at /app/UE3DW18-Groupe1-S4/vendor/doctrine/dbal/lib/Doctrine/DBAL/Driver/PDOStatement.php:105)"} []
[2020-12-13 21:43:33] Watson.INFO: < 500 [] []
[2020-12-13 21:43:38] Watson.INFO: Matched route "admin". {"route_parameters":{"_controller":"Watson\\Controller\\AdminController::indexAction","_route":"admin"},"request_uri":"http://localhost:1919/UE3DW18-Groupe1-S4/web/admin"} []
[2020-12-13 21:43:38] Watson.INFO: > GET /UE3DW18-Groupe1-S4/web/admin [] []
[2020-12-13 21:43:40] Watson.INFO: < 200 [] []
